procs -----------memory---------- ---swap-- -----io---- -system-- ------cpu-----
 r  b   swpd   free   buff  cache   si   so    bi    bo   in   cs us sy id wa st
22  0 160512 370764 164092 46734248    0    0   498   403   43   38 67  7 23  2  0
18  0 160512 535108 164092 46742808    0    0  5524     0 4252 51130 78 14  8  0  0
13  3 160512 586900 164092 46751608    0    0  5264  9308 4330 43967 75 15  9  1  0
14  0 160512 365724 162688 46622152    0    0  3568 52280 3878 44666 74 14  9  3  0
12  1 160512 690132 162812 46627956    0    0  5012   236 4314 54159 77 15  7  1  0
19  0 160512 698824 162812 46637224    0    0  5656     0 4429 47563 76 16  8  1  0
18  0 160512 587128 162816 46645508    0    0  5552     0 4341 45345 77 15  7  1  0
17  0 160512 706652 162852 46653428    0    0  5736     0 4255 50140 76 15  8  1  0
19  0 160512 658412 162852 46662156    0    0  4892   132 4260 44975 76 16  8  1  0
23  0 160512 610496 162860 46672044    0    0  6220   108 4203 45681 77 14  8  1  0
procs -----------memory---------- ---swap-- -----io---- -system-- ------cpu-----
 r  b   swpd   free   buff  cache   si   so    bi    bo   in   cs us sy id wa st
22  0 160512 325080 160356 46778384    0    0   498   403   43   44 67  7 23  2  0
19  1 160512 500392 160376 46787240    0    0  5268     0 4166 43613 76 14  9  1  0
15  0 160512 565600 160384 46796476    0    0  5824     0 4212 46763 74 17  8  0  0
15  0 160512 444296 160396 46805612    0    0  6068     0 4461 45091 76 16  7  1  0
28  0 160512 514704 160408 46741908    0    0  5548   180 3983 48414 77 15  7  1  0
14  0 160512 620576 160560 46751724    0    0  6544    32 4051 43620 75 16  9  1  0
14  0 160512 603728 160940 46756516    0    0  3136 61628 3849 48001 71 15 10  4  0
19  2 160512 530024 160968 46765468    0    0  5552     0 4035 45571 76 16  8  1  0
14  0 160512 463600 160996 46773644    0    0  5676     0 4223 51633 76 15  9  1  0
16  1 160512 462256 161008 46781348    0    0  5140   120 3923 44240 75 16  8  1  0
procs -----------memory---------- ---swap-- -----io---- -system-- ------cpu----- -----timestamp-----
 r  b   swpd   free   buff  cache   si   so    bi    bo   in   cs us sy id wa st                 KST
14  0 161280 519092 157836 46742416    0    0   498   402   45   64 67  7 23  2  0 2021-09-15 10:47:01
procs -----------memory---------- ---swap-- -----io---- -system-- ------cpu----- -----timestamp-----
 r  b   swpd   free   buff  cache   si   so    bi    bo   in   cs us sy id wa st                 KST
16  0 161280 548392 157880 46838072    0    0   498   402   45   69 67  7 23  2  0 2021-09-15 10:48:01
procs -----------memory---------- ---swap-- -----io---- -system-- ------cpu----- -----timestamp-----
 r  b   swpd   free   buff  cache   si   so    bi    bo   in   cs us sy id wa st                 KST
21  2 161280 572188 149136 46845532    0    0   498   401   46   74 67  7 23  2  0 2021-09-15 10:49:01
procs -----------memory---------- ---swap-- -----io---- -system-- ------cpu----- -----timestamp-----
 r  b   swpd   free   buff  cache   si   so    bi    bo   in   cs us sy id wa st                 KST
13  1 161280 680176 149324 46694312    0    0   498   401   46    2 67  7 23  2  0 2021-09-15 10:50:01
procs -----------memory---------- ---swap-- -----io---- -system-- ------cpu----- -----timestamp-----
 r  b   swpd   free   buff  cache   si   so    bi    bo   in   cs us sy id wa st                 KST
13  3 161280 350272 149760 46740448    0    0   498   401   46    7 67  8 23  2  0 2021-09-15 10:51:01
procs -----------memory---------- ---swap-- -----io---- -system-- ------cpu----- -----timestamp-----
 r  b   swpd   free   buff  cache   si   so    bi    bo   in   cs us sy id wa st                 KST
18  1 161280 489172 162136 46820208    0    0   498   401   47   12 67  8 23  2  0 2021-09-15 10:52:01
procs -----------memory---------- ---swap-- -----io---- -system-- ------cpu----- -----timestamp-----
 r  b   swpd   free   buff  cache   si   so    bi    bo   in   cs us sy id wa st                 KST
15  2 161280 584832 181956 46745196    0    0   498   401   47   17 67  8 23  2  0 2021-09-15 10:53:01
procs -----------memory---------- ---swap-- -----io---- -system-- ------cpu----- -----timestamp-----
 r  b   swpd   free   buff  cache   si   so    bi    bo   in   cs us sy id wa st                 KST
12  0 161280 450576 182696 46677768    0    0   498   401   48   22 67  8 23  2  0 2021-09-15 10:54:01
procs -----------memory---------- ---swap-- -----io---- -system-- ------cpu----- -----timestamp-----
 r  b   swpd   free   buff  cache   si   so    bi    bo   in   cs us sy id wa st                 KST
20  2 161280 533704 183560 46744528    0    0   498   400   48   27 67  8 23  2  0 2021-09-15 10:55:01
procs -----------memory---------- ---swap-- -----io---- -system-- ------cpu----- -----timestamp-----
 r  b   swpd   free   buff  cache   si   so    bi    bo   in   cs us sy id wa st                 KST
14  2 161536 574700 183436 46728864    0    0   498   400   49   32 67  8 23  2  0 2021-09-15 10:56:01
procs -----------memory---------- ---swap-- -----io---- -system-- ------cpu----- -----timestamp-----
 r  b   swpd   free   buff  cache   si   so    bi    bo   in   cs us sy id wa st                 KST
14  0 161792 472796 182308 46725800    0    0   498   400   49   37 67  8 23  2  0 2021-09-15 10:57:01
procs -----------memory---------- ---swap-- -----io---- -system-- ------cpu----- -----timestamp-----
 r  b   swpd   free   buff  cache   si   so    bi    bo   in   cs us sy id wa st                 KST
16  0 162304 406972 180820 46709868    0    0   498   400   49   42 67  8 23  2  0 2021-09-15 10:58:01
procs -----------memory---------- ---swap-- -----io---- -system-- ------cpu----- -----timestamp-----
 r  b   swpd   free   buff  cache   si   so    bi    bo   in   cs us sy id wa st                 KST
10  3 163072 533916 180308 46719300    0    0   498   400   50   47 67  8 23  2  0 2021-09-15 10:59:01
procs -----------memory---------- ---swap-- -----io---- -system-- ------cpu----- -----timestamp-----
 r  b   swpd   free   buff  cache   si   so    bi    bo   in   cs us sy id wa st                 KST
20  0 163328 430520 180584 46747784    0    0   498   400   50   52 67  8 23  2  0 2021-09-15 11:00:01
procs -----------memory---------- ---swap-- -----io---- -system-- ------cpu----- -----timestamp-----
 r  b   swpd   free   buff  cache   si   so    bi    bo   in   cs us sy id wa st                 KST
17  2 163584 495540 180396 46742372    0    0   498   399   50   57 67  8 23  2  0 2021-09-15 11:01:01
procs -----------memory---------- ---swap-- -----io---- -system-- ------cpu----- -----timestamp-----
 r  b   swpd   free   buff  cache   si   so    bi    bo   in   cs us sy id wa st                 KST
15  2 164096 571240 180924 46703024    0    0   498   399   51   62 67  8 23  2  0 2021-09-15 11:02:01
procs -----------memory---------- ---swap-- -----io---- -system-- ------cpu----- -----timestamp-----
 r  b   swpd   free   buff  cache   si   so    bi    bo   in   cs us sy id wa st                 KST
15  0 164608 551036 180916 46729656    0    0   498   399   51   67 67  8 23  2  0 2021-09-15 11:03:01
procs -----------memory---------- ---swap-- -----io---- -system-- ------cpu----- -----timestamp-----
 r  b   swpd   free   buff  cache   si   so    bi    bo   in   cs us sy id wa st                 KST
21  0 164864 578868 181352 46659764    0    0   498   399   52   72 67  8 23  2  0 2021-09-15 11:04:01
procs -----------memory---------- ---swap-- -----io---- -system-- ------cpu----- -----timestamp-----
 r  b   swpd   free   buff  cache   si   so    bi    bo   in   cs us sy id wa st                 KST
29  1 165120 584388 182536 46712908    0    0   497   399   52    1 67  8 23  2  0 2021-09-15 11:05:01
procs -----------memory---------- ---swap-- -----io---- -system-- ------cpu----- -----timestamp-----
 r  b   swpd   free   buff  cache   si   so    bi    bo   in   cs us sy id wa st                 KST
18  2 165120 418340 182996 46798432    0    0   497   398   52    6 67  8 23  2  0 2021-09-15 11:06:01
procs -----------memory---------- ---swap-- -----io---- -system-- ------cpu----- -----timestamp-----
 r  b   swpd   free   buff  cache   si   so    bi    bo   in   cs us sy id wa st                 KST
13  0 165888 670356 183284 46640984    0    0   497   398   53   11 67  8 23  2  0 2021-09-15 11:07:01
procs -----------memory---------- ---swap-- -----io---- -system-- ------cpu----- -----timestamp-----
 r  b   swpd   free   buff  cache   si   so    bi    bo   in   cs us sy id wa st                 KST
19  1 166144 563980 183388 46728664    0    0   497   398   53   16 67  8 23  2  0 2021-09-15 11:08:01
procs -----------memory---------- ---swap-- -----io---- -system-- ------cpu----- -----timestamp-----
 r  b   swpd   free   buff  cache   si   so    bi    bo   in   cs us sy id wa st                 KST
24  1 166912 546676 192456 46667380    0    0   498   399   54   21 67  8 23  2  0 2021-09-15 11:09:01
procs -----------memory---------- ---swap-- -----io---- -system-- ------cpu----- -----timestamp-----
 r  b   swpd   free   buff  cache   si   so    bi    bo   in   cs us sy id wa st                 KST
19  1 167168 685784 193392 46504736    0    0   498   399   54   26 67  8 23  2  0 2021-09-15 11:10:01
procs -----------memory---------- ---swap-- -----io---- -system-- ------cpu----- -----timestamp-----
 r  b   swpd   free   buff  cache   si   so    bi    bo   in   cs us sy id wa st                 KST
15  2 167424 448356 193876 46675588    0    0   498   398   54   31 67  8 23  2  0 2021-09-15 11:11:01
procs -----------memory---------- ---swap-- -----io---- -system-- ------cpu----- -----timestamp-----
 r  b   swpd   free   buff  cache   si   so    bi    bo   in   cs us sy id wa st                 KST
14  2 168192 586592 194288 46628236    0    0   498   398   55   35 67  8 23  2  0 2021-09-15 11:12:01
procs -----------memory---------- ---swap-- -----io---- -system-- ------cpu----- -----timestamp-----
 r  b   swpd   free   buff  cache   si   so    bi    bo   in   cs us sy id wa st                 KST
13  0 168448 438208 194204 46641892    0    0   498   398   55   40 67  8 23  2  0 2021-09-15 11:13:01
procs -----------memory---------- ---swap-- -----io---- -system-- ------cpu----- -----timestamp-----
 r  b   swpd   free   buff  cache   si   so    bi    bo   in   cs us sy id wa st                 KST
16  0 168960 541352 194576 46618656    0    0   498   398   55   45 67  8 23  2  0 2021-09-15 11:14:01
procs -----------memory---------- ---swap-- -----io---- -system-- ------cpu----- -----timestamp-----
 r  b   swpd   free   buff  cache   si   so    bi    bo   in   cs us sy id wa st                 KST
19  5 169216 621872 195776 46631836    0    0   498   398   56   50 67  8 23  2  0 2021-09-15 11:15:01
procs -----------memory---------- ---swap-- -----io---- -system-- ------cpu----- -----timestamp-----
 r  b   swpd   free   buff  cache   si   so    bi    bo   in   cs us sy id wa st                 KST
17  2 169728 496208 196116 46709996    0    0   498   398   56   55 67  8 23  2  0 2021-09-15 11:16:01
procs -----------memory---------- ---swap-- -----io---- -system-- ------cpu----- -----timestamp-----
 r  b   swpd   free   buff  cache   si   so    bi    bo   in   cs us sy id wa st                 KST
14  1 170240 696120 195964 46590536    0    0   498   397   56   59 67  8 23  2  0 2021-09-15 11:17:01
procs -----------memory---------- ---swap-- -----io---- -system-- ------cpu----- -----timestamp-----
 r  b   swpd   free   buff  cache   si   so    bi    bo   in   cs us sy id wa st                 KST
18  0 170496 573396 196984 46677224    0    0   498   397   57   64 67  8 23  2  0 2021-09-15 11:18:01
procs -----------memory---------- ---swap-- -----io---- -system-- ------cpu----- -----timestamp-----
 r  b   swpd   free   buff  cache   si   so    bi    bo   in   cs us sy id wa st                 KST
12  0 171264 586008 197596 46430864    0    0   498   397   57   69 67  8 23  2  0 2021-09-15 11:19:01
procs -----------memory---------- ---swap-- -----io---- -system-- ------cpu----- -----timestamp-----
 r  b   swpd   free   buff  cache   si   so    bi    bo   in   cs us sy id wa st                 KST
11  2 171520 537176 198428 46770020    0    0   498   397   58    0 67  8 23  2  0 2021-09-15 11:20:01
procs -----------memory---------- ---swap-- -----io---- -system-- ------cpu----- -----timestamp-----
 r  b   swpd   free   buff  cache   si   so    bi    bo   in   cs us sy id wa st                 KST
16  1 172032 468076 198972 46761944    0    0   498   397   58    5 67  8 23  2  0 2021-09-15 11:21:01
procs -----------memory---------- ---swap-- -----io---- -system-- ------cpu----- -----timestamp-----
 r  b   swpd   free   buff  cache   si   so    bi    bo   in   cs us sy id wa st                 KST
13  2 172544 468060 200200 46692760    0    0   498   397   58   10 67  8 23  2  0 2021-09-15 11:22:01
procs -----------memory---------- ---swap-- -----io---- -system-- ------cpu----- -----timestamp-----
 r  b   swpd   free   buff  cache   si   so    bi    bo   in   cs us sy id wa st                 KST
27  0 173312 564504 201008 46508396    0    0   499   396   59   15 67  8 23  2  0 2021-09-15 11:23:01
procs -----------memory---------- ---swap-- -----io---- -system-- ------cpu----- -----timestamp-----
 r  b   swpd   free   buff  cache   si   so    bi    bo   in   cs us sy id wa st                 KST
14  0 173568 525936 201516 46680192    0    0   499   396   59   19 67  8 22  2  0 2021-09-15 11:24:01
procs -----------memory---------- ---swap-- -----io---- -system-- ------cpu----- -----timestamp-----
 r  b   swpd   free   buff  cache   si   so    bi    bo   in   cs us sy id wa st                 KST
18  0 173824 554936 201720 46696920    0    0   499   396   59   24 67  8 22  2  0 2021-09-15 11:25:01
procs -----------memory---------- ---swap-- -----io---- -system-- ------cpu----- -----timestamp-----
 r  b   swpd   free   buff  cache   si   so    bi    bo   in   cs us sy id wa st                 KST
11  4 173824 572740 202444 46659676    0    0   499   396   60   29 67  8 22  2  0 2021-09-15 11:26:01
procs -----------memory---------- ---swap-- -----io---- -system-- ------cpu----- -----timestamp-----
 r  b   swpd   free   buff  cache   si   so    bi    bo   in   cs us sy id wa st                 KST
14  1 174336 529580 202920 46766392    0    0   499   396   60   34 67  8 22  2  0 2021-09-15 11:27:01
procs -----------memory---------- ---swap-- -----io---- -system-- ------cpu----- -----timestamp-----
 r  b   swpd   free   buff  cache   si   so    bi    bo   in   cs us sy id wa st                 KST
11  2 174848 416264 203948 46772400    0    0   499   396   60   38 68  8 22  2  0 2021-09-15 11:28:01
procs -----------memory---------- ---swap-- -----io---- -system-- ------cpu----- -----timestamp-----
 r  b   swpd   free   buff  cache   si   so    bi    bo   in   cs us sy id wa st                 KST
22  0 175872 581084 204552 46710548    0    0   499   395   61   43 68  8 22  2  0 2021-09-15 11:29:01
procs -----------memory---------- ---swap-- -----io---- -system-- ------cpu----- -----timestamp-----
 r  b   swpd   free   buff  cache   si   so    bi    bo   in   cs us sy id wa st                 KST
15  2 176640 464708 205292 46750168    0    0   500   395   61   48 68  8 22  2  0 2021-09-15 11:30:01
procs -----------memory---------- ---swap-- -----io---- -system-- ------cpu----- -----timestamp-----
 r  b   swpd   free   buff  cache   si   so    bi    bo   in   cs us sy id wa st                 KST
15  3 176896 603224 207016 46685540    0    0   500   395   61   53 68  8 22  2  0 2021-09-15 11:31:01
procs -----------memory---------- ---swap-- -----io---- -system-- ------cpu----- -----timestamp-----
 r  b   swpd   free   buff  cache   si   so    bi    bo   in   cs us sy id wa st                 KST
18  3 177152 487036 207700 46757112    0    0   500   395   62   57 68  8 22  2  0 2021-09-15 11:32:01
